<?xml version="1.0" encoding="UTF-8"?>
<testng-results ignored="0" total="8" passed="8" failed="0" skipped="0">
  <reporter-output>
  </reporter-output>
  <suite started-at="2023-05-13T23:36:34 PST" name="Default suite" finished-at="2023-05-13T23:37:41 PST" duration-ms="66730">
    <groups>
    </groups>
    <test started-at="2023-05-13T23:36:34 PST" name="Default test" finished-at="2023-05-13T23:37:41 PST" duration-ms="66730">
      <class name="Android.tests.Test.AppiumAndroidTabletMain">
        <test-method is-config="true" signature="setup()[pri:0, instance:Android.tests.Test.AppiumAndroidTabletMain@6340e5f0]" started-at="2023-05-13T23:36:34 PST" name="setup" finished-at="2023-05-13T23:36:39 PST" duration-ms="5327" status="PASS">
          <reporter-output>
          </reporter-output>
        </test-method> <!-- setup -->
        <test-method signature="applLaunch()[pri:1, instance:Android.tests.Test.AppiumAndroidTabletMain@6340e5f0]" started-at="2023-05-13T23:36:39 PST" name="applLaunch" finished-at="2023-05-13T23:36:45 PST" duration-ms="5962" status="PASS">
          <reporter-output>
          </reporter-output>
        </test-method> <!-- applLaunch -->
        <test-method signature="Register()[pri:2, instance:Android.tests.Test.AppiumAndroidTabletMain@6340e5f0]" started-at="2023-05-13T23:36:45 PST" name="Register" finished-at="2023-05-13T23:36:57 PST" duration-ms="11661" status="PASS">
          <reporter-output>
          </reporter-output>
        </test-method> <!-- Register -->
        <test-method signature="Login()[pri:3, instance:Android.tests.Test.AppiumAndroidTabletMain@6340e5f0]" started-at="2023-05-13T23:36:57 PST" name="Login" finished-at="2023-05-13T23:37:02 PST" duration-ms="5064" status="PASS">
          <reporter-output>
          </reporter-output>
        </test-method> <!-- Login -->
        <test-method signature="transactHistory()[pri:4, instance:Android.tests.Test.AppiumAndroidTabletMain@6340e5f0]" started-at="2023-05-13T23:37:02 PST" name="transactHistory" finished-at="2023-05-13T23:37:12 PST" duration-ms="9659" status="PASS">
          <reporter-output>
          </reporter-output>
        </test-method> <!-- transactHistory -->
        <test-method signature="transactHistory2()[pri:5, instance:Android.tests.Test.AppiumAndroidTabletMain@6340e5f0]" started-at="2023-05-13T23:37:12 PST" name="transactHistory2" finished-at="2023-05-13T23:37:24 PST" duration-ms="11827" status="PASS">
          <reporter-output>
          </reporter-output>
        </test-method> <!-- transactHistory2 -->
        <test-method signature="trans()[pri:6, instance:Android.tests.Test.AppiumAndroidTabletMain@6340e5f0]" started-at="2023-05-13T23:37:24 PST" name="trans" finished-at="2023-05-13T23:37:33 PST" duration-ms="9275" status="PASS">
          <reporter-output>
          </reporter-output>
        </test-method> <!-- trans -->
        <test-method signature="delAccount()[pri:7, instance:Android.tests.Test.AppiumAndroidTabletMain@6340e5f0]" started-at="2023-05-13T23:37:33 PST" name="delAccount" finished-at="2023-05-13T23:37:35 PST" duration-ms="1675" status="PASS">
          <reporter-output>
          </reporter-output>
        </test-method> <!-- delAccount -->
        <test-method signature="testLogin()[pri:8, instance:Android.tests.Test.AppiumAndroidTabletMain@6340e5f0]" started-at="2023-05-13T23:37:35 PST" name="testLogin" finished-at="2023-05-13T23:37:40 PST" duration-ms="5397" status="PASS">
          <reporter-output>
          </reporter-output>
        </test-method> <!-- testLogin -->
        <test-method is-config="true" signature="quit()[pri:0, instance:Android.tests.Test.AppiumAndroidTabletMain@6340e5f0]" started-at="2023-05-13T23:37:40 PST" name="quit" finished-at="2023-05-13T23:37:40 PST" duration-ms="364" status="PASS">
          <reporter-output>
          </reporter-output>
        </test-method> <!-- quit -->
        <test-method is-config="true" signature="tearDown()[pri:0, instance:Android.tests.Test.AppiumAndroidTabletMain@6340e5f0]" started-at="2023-05-13T23:37:40 PST" name="tearDown" finished-at="2023-05-13T23:37:41 PST" duration-ms="376" status="PASS">
          <reporter-output>
          </reporter-output>
        </test-method> <!-- tearDown -->
      </class> <!-- Android.tests.Test.AppiumAndroidTabletMain -->
    </test> <!-- Default test -->
  </suite> <!-- Default suite -->
</testng-results>
