<?xml version="1.0" encoding="UTF-8"?>
<!-- Generated by org.testng.reporters.JUnitXMLReporter -->
<testsuite ignored="0" hostname="Collaberas-MacBook-Pro.local" failures="0" tests="8" name="Default test" time="63.088" errors="0" timestamp="2023-05-12T03:04:01 PST">
  <testcase classname="Android.tests.Test.BaseClass" name="applLaunch" time="12.975"/>
  <testcase classname="Android.tests.Test.BaseClass" name="Register" time="11.553"/>
  <testcase classname="Android.tests.Test.BaseClass" name="Login" time="4.57"/>
  <testcase classname="Android.tests.Test.BaseClass" name="transactHistory" time="8.902"/>
  <testcase classname="Android.tests.Test.BaseClass" name="transactHistory2" time="9.643"/>
  <testcase classname="Android.tests.Test.BaseClass" name="trans" time="7.547"/>
  <testcase classname="Android.tests.Test.BaseClass" name="delAccount" time="2.426"/>
  <testcase classname="Android.tests.Test.BaseClass" name="testLogin" time="5.3"/>
</testsuite> <!-- Default test -->
