<?xml version="1.0" encoding="UTF-8"?>
<!-- Generated by org.testng.reporters.JUnitXMLReporter -->
<testsuite ignored="0" hostname="Collaberas-MacBook-Pro.local" failures="0" tests="8" name="Default test" time="66.911" errors="0" timestamp="2023-05-15T15:39:41 PST">
  <testcase classname="Android.tests.Test.AppiumAndroidTabletMain" name="applLaunch" time="7.047"/>
  <testcase classname="Android.tests.Test.AppiumAndroidTabletMain" name="Register" time="9.926"/>
  <testcase classname="Android.tests.Test.AppiumAndroidTabletMain" name="Login" time="4.915"/>
  <testcase classname="Android.tests.Test.AppiumAndroidTabletMain" name="transactHistory" time="8.799"/>
  <testcase classname="Android.tests.Test.AppiumAndroidTabletMain" name="transactHistory2" time="13.615"/>
  <testcase classname="Android.tests.Test.AppiumAndroidTabletMain" name="trans" time="9.332"/>
  <testcase classname="Android.tests.Test.AppiumAndroidTabletMain" name="delAccount" time="1.741"/>
  <testcase classname="Android.tests.Test.AppiumAndroidTabletMain" name="testLogin" time="5.242"/>
</testsuite> <!-- Default test -->
